d:\projects\datastructurehomework\debug\vc142.pdb
d:\projects\datastructurehomework\debug\vc142.idb
d:\projects\datastructurehomework\debug\datastructure.obj
d:\projects\datastructurehomework\debug\2.expressioncalcuate.pdb
d:\projects\datastructurehomework\debug\3.magiccube.pdb
d:\projects\datastructurehomework\debug\4.filecompression.pdb
d:\projects\datastructurehomework\debug\5.savagesandmonks.pdb
d:\projects\datastructurehomework\debug\6.scoresearching.pdb
d:\projects\datastructurehomework\debug\7.exam.pdb
d:\projects\datastructurehomework\debug\global.pdb
d:\projects\datastructurehomework\debug\global.tlog\cl.command.1.tlog
d:\projects\datastructurehomework\debug\global.tlog\cl.read.1.tlog
d:\projects\datastructurehomework\debug\global.tlog\cl.write.1.tlog
d:\projects\datastructurehomework\debug\global.tlog\link-cvtres.read.1.tlog
d:\projects\datastructurehomework\debug\global.tlog\link-cvtres.write.1.tlog
d:\projects\datastructurehomework\debug\global.tlog\link-rc.read.1.tlog
d:\projects\datastructurehomework\debug\global.tlog\link-rc.write.1.tlog
d:\projects\datastructurehomework\debug\global.tlog\link.command.1.tlog
d:\projects\datastructurehomework\debug\global.tlog\link.read.1.tlog
d:\projects\datastructurehomework\debug\global.tlog\link.write.1.tlog
